生成启动时间为 2013/8/20 15:49:20。
     1>项目“E:\GIT\SystemC\SystemC_Project\CSP\CSP.vcxproj”在节点 2 上(build 个目标)。
     1>InitializeBuildStatus:
         正在对“Debug\CSP.unsuccessfulbuild”执行 Touch 任务。
       ClCompile:
         C:\Program Files\Microsoft Visual Studio 10.0\VC\bin\CL.exe /c /I"D:\systemc-2.3.0\src" /ZI /nologo /W3 /WX- /Od /Oy- /D WIN32 /D _DEBUG /D _CONSOLE /D _UNICODE /D UNICODE /Gm /EHsc /RTC1 /MTd /GS /fp:precise /Zc:wchar_t /Zc:forScope /GR /Fo"Debug\\" /Fd"Debug\vc100.pdb" /Gd /TP /analyze- /errorReport:prompt driver.cpp /vmg 
         driver.cpp
     1>d:\systemc-2.3.0\src\sysc\datatypes\int\sc_nbutils.h(97): warning C4996: 'sprintf': This function or variable may be unsafe. Consider using sprintf_s instead. To disable deprecation, use _CRT_SECURE_NO_WARNINGS. See online help for details.
                 c:\program files\microsoft visual studio 10.0\vc\include\stdio.h(371) : 参见“sprintf”的声明
         Unknown compiler version - please run the configure tests and report the results
     1>d:\systemc-2.3.0\src\sysc\packages\boost\utility\enable_if.hpp : warning C4819: 该文件包含不能在当前代码页(936)中表示的字符。请将该文件保存为 Unicode 格式以防止数据丢失
     1>e:\git\systemc\systemc_project\csp\driver.cpp(5): warning C4244: “参数”: 从“time_t”转换到“unsigned int”，可能丢失数据
       ManifestResourceCompile:
         所有输出均为最新。
       Link:
         C:\Program Files\Microsoft Visual Studio 10.0\VC\bin\link.exe /ERRORREPORT:PROMPT /OUT:"E:\GIT\SystemC\SystemC_Project\Debug\CSP.exe" /INCREMENTAL /NOLOGO /LIBPATH:"D:\systemc-2.3.0\msvc80\SystemC\Debug" SystemC.lib kernel32.lib user32.lib gdi32.lib winspool.lib comdlg32.lib advapi32.lib shell32.lib ole32.lib oleaut32.lib uuid.lib odbc32.lib odbccp32.lib /MANIFEST /ManifestFile:"Debug\CSP.exe.intermediate.manifest" /MANIFESTUAC:"level='asInvoker' uiAccess='false'" /DEBUG /PDB:"E:\GIT\SystemC\SystemC_Project\Debug\CSP.pdb" /SUBSYSTEM:CONSOLE /TLBID:1 /DYNAMICBASE /NXCOMPAT /IMPLIB:"E:\GIT\SystemC\SystemC_Project\Debug\CSP.lib" /MACHINE:X86 Debug\CSP.exe.embed.manifest.res
         Debug\CSPCTRL.obj
         Debug\CSPIR.obj
         Debug\CSPMACTimer.obj
         Debug\CSPMemory.obj
         Debug\CSPMux_1.obj
         Debug\CSPMux_2.obj
         Debug\CSPPC.obj
         Debug\CSPRandom.obj
         Debug\CSPRFST.obj
         Debug\CSPT.obj
         Debug\CSPX.obj
         Debug\CSPY.obj
         Debug\CSPZ.obj
         Debug\CSPZeroFlag.obj
         Debug\driver.obj
         Debug\main.obj
       Manifest:
         C:\Program Files\Microsoft SDKs\Windows\v7.0A\bin\mt.exe /nologo /verbose /out:"Debug\CSP.exe.embed.manifest" /manifest Debug\CSP.exe.intermediate.manifest
         所有输出均为最新。
       LinkEmbedManifest:
         所有输出均为最新。
         CSP.vcxproj -> E:\GIT\SystemC\SystemC_Project\Debug\CSP.exe
       FinalizeBuildStatus:
         正在删除文件“Debug\CSP.unsuccessfulbuild”。
         正在对“Debug\CSP.lastbuildstate”执行 Touch 任务。
     1>已完成生成项目“E:\GIT\SystemC\SystemC_Project\CSP\CSP.vcxproj”(build 个目标)的操作。

生成成功。

已用时间 00:00:03.49
